<?xml version="1.0" encoding="UTF-8"?>
<testsuite xmlns:xsi="http://www.w3.org/2001/XMLSchema-instance" xsi:noNamespaceSchemaLocation="https://maven.apache.org/surefire/maven-surefire-plugin/xsd/surefire-test-report.xsd" name="com.nisum.cassandra.springbootcassandrademo.SpringbootCassandraDemoApplicationTests" time="3.324" tests="1" errors="1" skipped="0" failures="0">
  <properties>
    <property name="sun.desktop" value="windows"/>
    <property name="awt.toolkit" value="sun.awt.windows.WToolkit"/>
    <property name="file.encoding.pkg" value="sun.io"/>
    <property name="java.specification.version" value="1.8"/>
    <property name="sun.cpu.isalist" value="amd64"/>
    <property name="sun.jnu.encoding" value="Cp1252"/>
    <property name="java.class.path" value="C:\Users\Kamesh\Downloads\springboot-cassandra-demo\target\test-classes;C:\Users\Kamesh\Downloads\springboot-cassandra-demo\target\classes;C:\Users\Kamesh\.m2\repository_mine\org\springframework\boot\spring-boot-starter-data-cassandra\2.1.5.RELEASE\spring-boot-starter-data-cassandra-2.1.5.RELEASE.jar;C:\Users\Kamesh\.m2\repository_mine\org\springframework\boot\spring-boot-starter\2.1.5.RELEASE\spring-boot-starter-2.1.5.RELEASE.jar;C:\Users\Kamesh\.m2\repository_mine\org\springframework\boot\spring-boot-starter-logging\2.1.5.RELEASE\spring-boot-starter-logging-2.1.5.RELEASE.jar;C:\Users\Kamesh\.m2\repository_mine\ch\qos\logback\logback-classic\1.2.3\logback-classic-1.2.3.jar;C:\Users\Kamesh\.m2\repository_mine\ch\qos\logback\logback-core\1.2.3\logback-core-1.2.3.jar;C:\Users\Kamesh\.m2\repository_mine\org\apache\logging\log4j\log4j-to-slf4j\2.11.2\log4j-to-slf4j-2.11.2.jar;C:\Users\Kamesh\.m2\repository_mine\org\apache\logging\log4j\log4j-api\2.11.2\log4j-api-2.11.2.jar;C:\Users\Kamesh\.m2\repository_mine\org\slf4j\jul-to-slf4j\1.7.26\jul-to-slf4j-1.7.26.jar;C:\Users\Kamesh\.m2\repository_mine\javax\annotation\javax.annotation-api\1.3.2\javax.annotation-api-1.3.2.jar;C:\Users\Kamesh\.m2\repository_mine\org\yaml\snakeyaml\1.23\snakeyaml-1.23.jar;C:\Users\Kamesh\.m2\repository_mine\org\springframework\spring-tx\5.1.7.RELEASE\spring-tx-5.1.7.RELEASE.jar;C:\Users\Kamesh\.m2\repository_mine\org\springframework\spring-beans\5.1.7.RELEASE\spring-beans-5.1.7.RELEASE.jar;C:\Users\Kamesh\.m2\repository_mine\org\springframework\data\spring-data-cassandra\2.1.8.RELEASE\spring-data-cassandra-2.1.8.RELEASE.jar;C:\Users\Kamesh\.m2\repository_mine\org\springframework\spring-context\5.1.7.RELEASE\spring-context-5.1.7.RELEASE.jar;C:\Users\Kamesh\.m2\repository_mine\org\springframework\spring-expression\5.1.7.RELEASE\spring-expression-5.1.7.RELEASE.jar;C:\Users\Kamesh\.m2\repository_mine\org\springframework\data\spring-data-commons\2.1.8.RELEASE\spring-data-commons-2.1.8.RELEASE.jar;C:\Users\Kamesh\.m2\repository_mine\com\datastax\cassandra\cassandra-driver-core\3.6.0\cassandra-driver-core-3.6.0.jar;C:\Users\Kamesh\.m2\repository_mine\io\netty\netty-handler\4.1.36.Final\netty-handler-4.1.36.Final.jar;C:\Users\Kamesh\.m2\repository_mine\io\netty\netty-common\4.1.36.Final\netty-common-4.1.36.Final.jar;C:\Users\Kamesh\.m2\repository_mine\io\netty\netty-buffer\4.1.36.Final\netty-buffer-4.1.36.Final.jar;C:\Users\Kamesh\.m2\repository_mine\io\netty\netty-transport\4.1.36.Final\netty-transport-4.1.36.Final.jar;C:\Users\Kamesh\.m2\repository_mine\io\netty\netty-resolver\4.1.36.Final\netty-resolver-4.1.36.Final.jar;C:\Users\Kamesh\.m2\repository_mine\io\netty\netty-codec\4.1.36.Final\netty-codec-4.1.36.Final.jar;C:\Users\Kamesh\.m2\repository_mine\io\dropwizard\metrics\metrics-core\4.0.5\metrics-core-4.0.5.jar;C:\Users\Kamesh\.m2\repository_mine\com\github\jnr\jnr-ffi\2.1.7\jnr-ffi-2.1.7.jar;C:\Users\Kamesh\.m2\repository_mine\com\github\jnr\jffi\1.2.16\jffi-1.2.16.jar;C:\Users\Kamesh\.m2\repository_mine\com\github\jnr\jffi\1.2.16\jffi-1.2.16-native.jar;C:\Users\Kamesh\.m2\repository_mine\org\ow2\asm\asm\5.0.3\asm-5.0.3.jar;C:\Users\Kamesh\.m2\repository_mine\org\ow2\asm\asm-commons\5.0.3\asm-commons-5.0.3.jar;C:\Users\Kamesh\.m2\repository_mine\org\ow2\asm\asm-analysis\5.0.3\asm-analysis-5.0.3.jar;C:\Users\Kamesh\.m2\repository_mine\org\ow2\asm\asm-tree\5.0.3\asm-tree-5.0.3.jar;C:\Users\Kamesh\.m2\repository_mine\org\ow2\asm\asm-util\5.0.3\asm-util-5.0.3.jar;C:\Users\Kamesh\.m2\repository_mine\com\github\jnr\jnr-x86asm\1.0.2\jnr-x86asm-1.0.2.jar;C:\Users\Kamesh\.m2\repository_mine\com\github\jnr\jnr-posix\3.0.44\jnr-posix-3.0.44.jar;C:\Users\Kamesh\.m2\repository_mine\com\github\jnr\jnr-constants\0.9.9\jnr-constants-0.9.9.jar;C:\Users\Kamesh\.m2\repository_mine\org\springframework\boot\spring-boot-starter-web\2.1.5.RELEASE\spring-boot-starter-web-2.1.5.RELEASE.jar;C:\Users\Kamesh\.m2\repository_mine\org\springframework\boot\spring-boot-starter-json\2.1.5.RELEASE\spring-boot-starter-json-2.1.5.RELEASE.jar;C:\Users\Kamesh\.m2\repository_mine\com\fasterxml\jackson\core\jackson-databind\2.9.8\jackson-databind-2.9.8.jar;C:\Users\Kamesh\.m2\repository_mine\com\fasterxml\jackson\core\jackson-core\2.9.8\jackson-core-2.9.8.jar;C:\Users\Kamesh\.m2\repository_mine\com\fasterxml\jackson\datatype\jackson-datatype-jdk8\2.9.8\jackson-datatype-jdk8-2.9.8.jar;C:\Users\Kamesh\.m2\repository_mine\com\fasterxml\jackson\datatype\jackson-datatype-jsr310\2.9.8\jackson-datatype-jsr310-2.9.8.jar;C:\Users\Kamesh\.m2\repository_mine\com\fasterxml\jackson\module\jackson-module-parameter-names\2.9.8\jackson-module-parameter-names-2.9.8.jar;C:\Users\Kamesh\.m2\repository_mine\org\springframework\boot\spring-boot-starter-tomcat\2.1.5.RELEASE\spring-boot-starter-tomcat-2.1.5.RELEASE.jar;C:\Users\Kamesh\.m2\repository_mine\org\apache\tomcat\embed\tomcat-embed-core\9.0.19\tomcat-embed-core-9.0.19.jar;C:\Users\Kamesh\.m2\repository_mine\org\apache\tomcat\embed\tomcat-embed-el\9.0.19\tomcat-embed-el-9.0.19.jar;C:\Users\Kamesh\.m2\repository_mine\org\apache\tomcat\embed\tomcat-embed-websocket\9.0.19\tomcat-embed-websocket-9.0.19.jar;C:\Users\Kamesh\.m2\repository_mine\org\hibernate\validator\hibernate-validator\6.0.16.Final\hibernate-validator-6.0.16.Final.jar;C:\Users\Kamesh\.m2\repository_mine\javax\validation\validation-api\2.0.1.Final\validation-api-2.0.1.Final.jar;C:\Users\Kamesh\.m2\repository_mine\org\jboss\logging\jboss-logging\3.3.2.Final\jboss-logging-3.3.2.Final.jar;C:\Users\Kamesh\.m2\repository_mine\org\springframework\spring-web\5.1.7.RELEASE\spring-web-5.1.7.RELEASE.jar;C:\Users\Kamesh\.m2\repository_mine\org\springframework\spring-webmvc\5.1.7.RELEASE\spring-webmvc-5.1.7.RELEASE.jar;C:\Users\Kamesh\.m2\repository_mine\org\springframework\spring-aop\5.1.7.RELEASE\spring-aop-5.1.7.RELEASE.jar;C:\Users\Kamesh\.m2\repository_mine\org\springframework\boot\spring-boot-devtools\2.1.5.RELEASE\spring-boot-devtools-2.1.5.RELEASE.jar;C:\Users\Kamesh\.m2\repository_mine\org\springframework\boot\spring-boot\2.1.5.RELEASE\spring-boot-2.1.5.RELEASE.jar;C:\Users\Kamesh\.m2\repository_mine\org\springframework\boot\spring-boot-autoconfigure\2.1.5.RELEASE\spring-boot-autoconfigure-2.1.5.RELEASE.jar;C:\Users\Kamesh\.m2\repository_mine\org\springframework\boot\spring-boot-starter-test\2.1.5.RELEASE\spring-boot-starter-test-2.1.5.RELEASE.jar;C:\Users\Kamesh\.m2\repository_mine\org\springframework\boot\spring-boot-test\2.1.5.RELEASE\spring-boot-test-2.1.5.RELEASE.jar;C:\Users\Kamesh\.m2\repository_mine\org\springframework\boot\spring-boot-test-autoconfigure\2.1.5.RELEASE\spring-boot-test-autoconfigure-2.1.5.RELEASE.jar;C:\Users\Kamesh\.m2\repository_mine\com\jayway\jsonpath\json-path\2.4.0\json-path-2.4.0.jar;C:\Users\Kamesh\.m2\repository_mine\net\minidev\json-smart\2.3\json-smart-2.3.jar;C:\Users\Kamesh\.m2\repository_mine\net\minidev\accessors-smart\1.2\accessors-smart-1.2.jar;C:\Users\Kamesh\.m2\repository_mine\junit\junit\4.12\junit-4.12.jar;C:\Users\Kamesh\.m2\repository_mine\org\assertj\assertj-core\3.11.1\assertj-core-3.11.1.jar;C:\Users\Kamesh\.m2\repository_mine\org\mockito\mockito-core\2.23.4\mockito-core-2.23.4.jar;C:\Users\Kamesh\.m2\repository_mine\net\bytebuddy\byte-buddy\1.9.12\byte-buddy-1.9.12.jar;C:\Users\Kamesh\.m2\repository_mine\net\bytebuddy\byte-buddy-agent\1.9.12\byte-buddy-agent-1.9.12.jar;C:\Users\Kamesh\.m2\repository_mine\org\objenesis\objenesis\2.6\objenesis-2.6.jar;C:\Users\Kamesh\.m2\repository_mine\org\hamcrest\hamcrest-core\1.3\hamcrest-core-1.3.jar;C:\Users\Kamesh\.m2\repository_mine\org\hamcrest\hamcrest-library\1.3\hamcrest-library-1.3.jar;C:\Users\Kamesh\.m2\repository_mine\org\skyscreamer\jsonassert\1.5.0\jsonassert-1.5.0.jar;C:\Users\Kamesh\.m2\repository_mine\com\vaadin\external\google\android-json\0.0.20131108.vaadin1\android-json-0.0.20131108.vaadin1.jar;C:\Users\Kamesh\.m2\repository_mine\org\springframework\spring-core\5.1.7.RELEASE\spring-core-5.1.7.RELEASE.jar;C:\Users\Kamesh\.m2\repository_mine\org\springframework\spring-jcl\5.1.7.RELEASE\spring-jcl-5.1.7.RELEASE.jar;C:\Users\Kamesh\.m2\repository_mine\org\springframework\spring-test\5.1.7.RELEASE\spring-test-5.1.7.RELEASE.jar;C:\Users\Kamesh\.m2\repository_mine\org\xmlunit\xmlunit-core\2.6.2\xmlunit-core-2.6.2.jar;C:\Users\Kamesh\.m2\repository_mine\io\springfox\springfox-swagger-ui\2.4.0\springfox-swagger-ui-2.4.0.jar;C:\Users\Kamesh\.m2\repository_mine\io\springfox\springfox-spring-web\2.4.0\springfox-spring-web-2.4.0.jar;C:\Users\Kamesh\.m2\repository_mine\io\springfox\springfox-swagger2\2.4.0\springfox-swagger2-2.4.0.jar;C:\Users\Kamesh\.m2\repository_mine\io\swagger\swagger-annotations\1.5.6\swagger-annotations-1.5.6.jar;C:\Users\Kamesh\.m2\repository_mine\io\swagger\swagger-models\1.5.6\swagger-models-1.5.6.jar;C:\Users\Kamesh\.m2\repository_mine\com\fasterxml\jackson\core\jackson-annotations\2.9.0\jackson-annotations-2.9.0.jar;C:\Users\Kamesh\.m2\repository_mine\io\springfox\springfox-spi\2.4.0\springfox-spi-2.4.0.jar;C:\Users\Kamesh\.m2\repository_mine\io\springfox\springfox-core\2.4.0\springfox-core-2.4.0.jar;C:\Users\Kamesh\.m2\repository_mine\io\springfox\springfox-schema\2.4.0\springfox-schema-2.4.0.jar;C:\Users\Kamesh\.m2\repository_mine\io\springfox\springfox-swagger-common\2.4.0\springfox-swagger-common-2.4.0.jar;C:\Users\Kamesh\.m2\repository_mine\com\google\guava\guava\18.0\guava-18.0.jar;C:\Users\Kamesh\.m2\repository_mine\com\fasterxml\classmate\1.4.0\classmate-1.4.0.jar;C:\Users\Kamesh\.m2\repository_mine\org\slf4j\slf4j-api\1.7.26\slf4j-api-1.7.26.jar;C:\Users\Kamesh\.m2\repository_mine\org\springframework\plugin\spring-plugin-core\1.2.0.RELEASE\spring-plugin-core-1.2.0.RELEASE.jar;C:\Users\Kamesh\.m2\repository_mine\org\springframework\plugin\spring-plugin-metadata\1.2.0.RELEASE\spring-plugin-metadata-1.2.0.RELEASE.jar;C:\Users\Kamesh\.m2\repository_mine\io\projectreactor\reactor-core\3.2.9.RELEASE\reactor-core-3.2.9.RELEASE.jar;C:\Users\Kamesh\.m2\repository_mine\org\reactivestreams\reactive-streams\1.0.2\reactive-streams-1.0.2.jar;"/>
    <property name="java.vm.vendor" value="Oracle Corporation"/>
    <property name="sun.arch.data.model" value="64"/>
    <property name="user.variant" value=""/>
    <property name="java.vendor.url" value="http://java.oracle.com/"/>
    <property name="user.timezone" value="Asia/Calcutta"/>
    <property name="java.vm.specification.version" value="1.8"/>
    <property name="os.name" value="Windows 10"/>
    <property name="user.country" value="IN"/>
    <property name="sun.java.launcher" value="SUN_STANDARD"/>
    <property name="sun.boot.library.path" value="C:\Program Files\Java\jdk1.8.0_151\jre\bin"/>
    <property name="sun.java.command" value="C:\Users\Kamesh\AppData\Local\Temp\surefire5976804369209730015\surefirebooter7542541271033086213.jar C:\Users\Kamesh\AppData\Local\Temp\surefire5976804369209730015 2019-05-26T11-40-54_378-jvmRun1 surefire2569635551162985066tmp surefire_04048633198772621969tmp"/>
    <property name="surefire.test.class.path" value="C:\Users\Kamesh\Downloads\springboot-cassandra-demo\target\test-classes;C:\Users\Kamesh\Downloads\springboot-cassandra-demo\target\classes;C:\Users\Kamesh\.m2\repository_mine\org\springframework\boot\spring-boot-starter-data-cassandra\2.1.5.RELEASE\spring-boot-starter-data-cassandra-2.1.5.RELEASE.jar;C:\Users\Kamesh\.m2\repository_mine\org\springframework\boot\spring-boot-starter\2.1.5.RELEASE\spring-boot-starter-2.1.5.RELEASE.jar;C:\Users\Kamesh\.m2\repository_mine\org\springframework\boot\spring-boot-starter-logging\2.1.5.RELEASE\spring-boot-starter-logging-2.1.5.RELEASE.jar;C:\Users\Kamesh\.m2\repository_mine\ch\qos\logback\logback-classic\1.2.3\logback-classic-1.2.3.jar;C:\Users\Kamesh\.m2\repository_mine\ch\qos\logback\logback-core\1.2.3\logback-core-1.2.3.jar;C:\Users\Kamesh\.m2\repository_mine\org\apache\logging\log4j\log4j-to-slf4j\2.11.2\log4j-to-slf4j-2.11.2.jar;C:\Users\Kamesh\.m2\repository_mine\org\apache\logging\log4j\log4j-api\2.11.2\log4j-api-2.11.2.jar;C:\Users\Kamesh\.m2\repository_mine\org\slf4j\jul-to-slf4j\1.7.26\jul-to-slf4j-1.7.26.jar;C:\Users\Kamesh\.m2\repository_mine\javax\annotation\javax.annotation-api\1.3.2\javax.annotation-api-1.3.2.jar;C:\Users\Kamesh\.m2\repository_mine\org\yaml\snakeyaml\1.23\snakeyaml-1.23.jar;C:\Users\Kamesh\.m2\repository_mine\org\springframework\spring-tx\5.1.7.RELEASE\spring-tx-5.1.7.RELEASE.jar;C:\Users\Kamesh\.m2\repository_mine\org\springframework\spring-beans\5.1.7.RELEASE\spring-beans-5.1.7.RELEASE.jar;C:\Users\Kamesh\.m2\repository_mine\org\springframework\data\spring-data-cassandra\2.1.8.RELEASE\spring-data-cassandra-2.1.8.RELEASE.jar;C:\Users\Kamesh\.m2\repository_mine\org\springframework\spring-context\5.1.7.RELEASE\spring-context-5.1.7.RELEASE.jar;C:\Users\Kamesh\.m2\repository_mine\org\springframework\spring-expression\5.1.7.RELEASE\spring-expression-5.1.7.RELEASE.jar;C:\Users\Kamesh\.m2\repository_mine\org\springframework\data\spring-data-commons\2.1.8.RELEASE\spring-data-commons-2.1.8.RELEASE.jar;C:\Users\Kamesh\.m2\repository_mine\com\datastax\cassandra\cassandra-driver-core\3.6.0\cassandra-driver-core-3.6.0.jar;C:\Users\Kamesh\.m2\repository_mine\io\netty\netty-handler\4.1.36.Final\netty-handler-4.1.36.Final.jar;C:\Users\Kamesh\.m2\repository_mine\io\netty\netty-common\4.1.36.Final\netty-common-4.1.36.Final.jar;C:\Users\Kamesh\.m2\repository_mine\io\netty\netty-buffer\4.1.36.Final\netty-buffer-4.1.36.Final.jar;C:\Users\Kamesh\.m2\repository_mine\io\netty\netty-transport\4.1.36.Final\netty-transport-4.1.36.Final.jar;C:\Users\Kamesh\.m2\repository_mine\io\netty\netty-resolver\4.1.36.Final\netty-resolver-4.1.36.Final.jar;C:\Users\Kamesh\.m2\repository_mine\io\netty\netty-codec\4.1.36.Final\netty-codec-4.1.36.Final.jar;C:\Users\Kamesh\.m2\repository_mine\io\dropwizard\metrics\metrics-core\4.0.5\metrics-core-4.0.5.jar;C:\Users\Kamesh\.m2\repository_mine\com\github\jnr\jnr-ffi\2.1.7\jnr-ffi-2.1.7.jar;C:\Users\Kamesh\.m2\repository_mine\com\github\jnr\jffi\1.2.16\jffi-1.2.16.jar;C:\Users\Kamesh\.m2\repository_mine\com\github\jnr\jffi\1.2.16\jffi-1.2.16-native.jar;C:\Users\Kamesh\.m2\repository_mine\org\ow2\asm\asm\5.0.3\asm-5.0.3.jar;C:\Users\Kamesh\.m2\repository_mine\org\ow2\asm\asm-commons\5.0.3\asm-commons-5.0.3.jar;C:\Users\Kamesh\.m2\repository_mine\org\ow2\asm\asm-analysis\5.0.3\asm-analysis-5.0.3.jar;C:\Users\Kamesh\.m2\repository_mine\org\ow2\asm\asm-tree\5.0.3\asm-tree-5.0.3.jar;C:\Users\Kamesh\.m2\repository_mine\org\ow2\asm\asm-util\5.0.3\asm-util-5.0.3.jar;C:\Users\Kamesh\.m2\repository_mine\com\github\jnr\jnr-x86asm\1.0.2\jnr-x86asm-1.0.2.jar;C:\Users\Kamesh\.m2\repository_mine\com\github\jnr\jnr-posix\3.0.44\jnr-posix-3.0.44.jar;C:\Users\Kamesh\.m2\repository_mine\com\github\jnr\jnr-constants\0.9.9\jnr-constants-0.9.9.jar;C:\Users\Kamesh\.m2\repository_mine\org\springframework\boot\spring-boot-starter-web\2.1.5.RELEASE\spring-boot-starter-web-2.1.5.RELEASE.jar;C:\Users\Kamesh\.m2\repository_mine\org\springframework\boot\spring-boot-starter-json\2.1.5.RELEASE\spring-boot-starter-json-2.1.5.RELEASE.jar;C:\Users\Kamesh\.m2\repository_mine\com\fasterxml\jackson\core\jackson-databind\2.9.8\jackson-databind-2.9.8.jar;C:\Users\Kamesh\.m2\repository_mine\com\fasterxml\jackson\core\jackson-core\2.9.8\jackson-core-2.9.8.jar;C:\Users\Kamesh\.m2\repository_mine\com\fasterxml\jackson\datatype\jackson-datatype-jdk8\2.9.8\jackson-datatype-jdk8-2.9.8.jar;C:\Users\Kamesh\.m2\repository_mine\com\fasterxml\jackson\datatype\jackson-datatype-jsr310\2.9.8\jackson-datatype-jsr310-2.9.8.jar;C:\Users\Kamesh\.m2\repository_mine\com\fasterxml\jackson\module\jackson-module-parameter-names\2.9.8\jackson-module-parameter-names-2.9.8.jar;C:\Users\Kamesh\.m2\repository_mine\org\springframework\boot\spring-boot-starter-tomcat\2.1.5.RELEASE\spring-boot-starter-tomcat-2.1.5.RELEASE.jar;C:\Users\Kamesh\.m2\repository_mine\org\apache\tomcat\embed\tomcat-embed-core\9.0.19\tomcat-embed-core-9.0.19.jar;C:\Users\Kamesh\.m2\repository_mine\org\apache\tomcat\embed\tomcat-embed-el\9.0.19\tomcat-embed-el-9.0.19.jar;C:\Users\Kamesh\.m2\repository_mine\org\apache\tomcat\embed\tomcat-embed-websocket\9.0.19\tomcat-embed-websocket-9.0.19.jar;C:\Users\Kamesh\.m2\repository_mine\org\hibernate\validator\hibernate-validator\6.0.16.Final\hibernate-validator-6.0.16.Final.jar;C:\Users\Kamesh\.m2\repository_mine\javax\validation\validation-api\2.0.1.Final\validation-api-2.0.1.Final.jar;C:\Users\Kamesh\.m2\repository_mine\org\jboss\logging\jboss-logging\3.3.2.Final\jboss-logging-3.3.2.Final.jar;C:\Users\Kamesh\.m2\repository_mine\org\springframework\spring-web\5.1.7.RELEASE\spring-web-5.1.7.RELEASE.jar;C:\Users\Kamesh\.m2\repository_mine\org\springframework\spring-webmvc\5.1.7.RELEASE\spring-webmvc-5.1.7.RELEASE.jar;C:\Users\Kamesh\.m2\repository_mine\org\springframework\spring-aop\5.1.7.RELEASE\spring-aop-5.1.7.RELEASE.jar;C:\Users\Kamesh\.m2\repository_mine\org\springframework\boot\spring-boot-devtools\2.1.5.RELEASE\spring-boot-devtools-2.1.5.RELEASE.jar;C:\Users\Kamesh\.m2\repository_mine\org\springframework\boot\spring-boot\2.1.5.RELEASE\spring-boot-2.1.5.RELEASE.jar;C:\Users\Kamesh\.m2\repository_mine\org\springframework\boot\spring-boot-autoconfigure\2.1.5.RELEASE\spring-boot-autoconfigure-2.1.5.RELEASE.jar;C:\Users\Kamesh\.m2\repository_mine\org\springframework\boot\spring-boot-starter-test\2.1.5.RELEASE\spring-boot-starter-test-2.1.5.RELEASE.jar;C:\Users\Kamesh\.m2\repository_mine\org\springframework\boot\spring-boot-test\2.1.5.RELEASE\spring-boot-test-2.1.5.RELEASE.jar;C:\Users\Kamesh\.m2\repository_mine\org\springframework\boot\spring-boot-test-autoconfigure\2.1.5.RELEASE\spring-boot-test-autoconfigure-2.1.5.RELEASE.jar;C:\Users\Kamesh\.m2\repository_mine\com\jayway\jsonpath\json-path\2.4.0\json-path-2.4.0.jar;C:\Users\Kamesh\.m2\repository_mine\net\minidev\json-smart\2.3\json-smart-2.3.jar;C:\Users\Kamesh\.m2\repository_mine\net\minidev\accessors-smart\1.2\accessors-smart-1.2.jar;C:\Users\Kamesh\.m2\repository_mine\junit\junit\4.12\junit-4.12.jar;C:\Users\Kamesh\.m2\repository_mine\org\assertj\assertj-core\3.11.1\assertj-core-3.11.1.jar;C:\Users\Kamesh\.m2\repository_mine\org\mockito\mockito-core\2.23.4\mockito-core-2.23.4.jar;C:\Users\Kamesh\.m2\repository_mine\net\bytebuddy\byte-buddy\1.9.12\byte-buddy-1.9.12.jar;C:\Users\Kamesh\.m2\repository_mine\net\bytebuddy\byte-buddy-agent\1.9.12\byte-buddy-agent-1.9.12.jar;C:\Users\Kamesh\.m2\repository_mine\org\objenesis\objenesis\2.6\objenesis-2.6.jar;C:\Users\Kamesh\.m2\repository_mine\org\hamcrest\hamcrest-core\1.3\hamcrest-core-1.3.jar;C:\Users\Kamesh\.m2\repository_mine\org\hamcrest\hamcrest-library\1.3\hamcrest-library-1.3.jar;C:\Users\Kamesh\.m2\repository_mine\org\skyscreamer\jsonassert\1.5.0\jsonassert-1.5.0.jar;C:\Users\Kamesh\.m2\repository_mine\com\vaadin\external\google\android-json\0.0.20131108.vaadin1\android-json-0.0.20131108.vaadin1.jar;C:\Users\Kamesh\.m2\repository_mine\org\springframework\spring-core\5.1.7.RELEASE\spring-core-5.1.7.RELEASE.jar;C:\Users\Kamesh\.m2\repository_mine\org\springframework\spring-jcl\5.1.7.RELEASE\spring-jcl-5.1.7.RELEASE.jar;C:\Users\Kamesh\.m2\repository_mine\org\springframework\spring-test\5.1.7.RELEASE\spring-test-5.1.7.RELEASE.jar;C:\Users\Kamesh\.m2\repository_mine\org\xmlunit\xmlunit-core\2.6.2\xmlunit-core-2.6.2.jar;C:\Users\Kamesh\.m2\repository_mine\io\springfox\springfox-swagger-ui\2.4.0\springfox-swagger-ui-2.4.0.jar;C:\Users\Kamesh\.m2\repository_mine\io\springfox\springfox-spring-web\2.4.0\springfox-spring-web-2.4.0.jar;C:\Users\Kamesh\.m2\repository_mine\io\springfox\springfox-swagger2\2.4.0\springfox-swagger2-2.4.0.jar;C:\Users\Kamesh\.m2\repository_mine\io\swagger\swagger-annotations\1.5.6\swagger-annotations-1.5.6.jar;C:\Users\Kamesh\.m2\repository_mine\io\swagger\swagger-models\1.5.6\swagger-models-1.5.6.jar;C:\Users\Kamesh\.m2\repository_mine\com\fasterxml\jackson\core\jackson-annotations\2.9.0\jackson-annotations-2.9.0.jar;C:\Users\Kamesh\.m2\repository_mine\io\springfox\springfox-spi\2.4.0\springfox-spi-2.4.0.jar;C:\Users\Kamesh\.m2\repository_mine\io\springfox\springfox-core\2.4.0\springfox-core-2.4.0.jar;C:\Users\Kamesh\.m2\repository_mine\io\springfox\springfox-schema\2.4.0\springfox-schema-2.4.0.jar;C:\Users\Kamesh\.m2\repository_mine\io\springfox\springfox-swagger-common\2.4.0\springfox-swagger-common-2.4.0.jar;C:\Users\Kamesh\.m2\repository_mine\com\google\guava\guava\18.0\guava-18.0.jar;C:\Users\Kamesh\.m2\repository_mine\com\fasterxml\classmate\1.4.0\classmate-1.4.0.jar;C:\Users\Kamesh\.m2\repository_mine\org\slf4j\slf4j-api\1.7.26\slf4j-api-1.7.26.jar;C:\Users\Kamesh\.m2\repository_mine\org\springframework\plugin\spring-plugin-core\1.2.0.RELEASE\spring-plugin-core-1.2.0.RELEASE.jar;C:\Users\Kamesh\.m2\repository_mine\org\springframework\plugin\spring-plugin-metadata\1.2.0.RELEASE\spring-plugin-metadata-1.2.0.RELEASE.jar;C:\Users\Kamesh\.m2\repository_mine\io\projectreactor\reactor-core\3.2.9.RELEASE\reactor-core-3.2.9.RELEASE.jar;C:\Users\Kamesh\.m2\repository_mine\org\reactivestreams\reactive-streams\1.0.2\reactive-streams-1.0.2.jar;"/>
    <property name="sun.cpu.endian" value="little"/>
    <property name="user.home" value="C:\Users\Kamesh"/>
    <property name="user.language" value="en"/>
    <property name="java.specification.vendor" value="Oracle Corporation"/>
    <property name="java.home" value="C:\Program Files\Java\jdk1.8.0_151\jre"/>
    <property name="basedir" value="C:\Users\Kamesh\Downloads\springboot-cassandra-demo"/>
    <property name="file.separator" value="\"/>
    <property name="line.separator" value="&#10;"/>
    <property name="java.vm.specification.vendor" value="Oracle Corporation"/>
    <property name="java.specification.name" value="Java Platform API Specification"/>
    <property name="java.awt.graphicsenv" value="sun.awt.Win32GraphicsEnvironment"/>
    <property name="surefire.real.class.path" value="C:\Users\Kamesh\AppData\Local\Temp\surefire5976804369209730015\surefirebooter7542541271033086213.jar"/>
    <property name="sun.boot.class.path" value="C:\Program Files\Java\jdk1.8.0_151\jre\lib\resources.jar;C:\Program Files\Java\jdk1.8.0_151\jre\lib\rt.jar;C:\Program Files\Java\jdk1.8.0_151\jre\lib\sunrsasign.jar;C:\Program Files\Java\jdk1.8.0_151\jre\lib\jsse.jar;C:\Program Files\Java\jdk1.8.0_151\jre\lib\jce.jar;C:\Program Files\Java\jdk1.8.0_151\jre\lib\charsets.jar;C:\Program Files\Java\jdk1.8.0_151\jre\lib\jfr.jar;C:\Program Files\Java\jdk1.8.0_151\jre\classes"/>
    <property name="user.script" value=""/>
    <property name="sun.management.compiler" value="HotSpot 64-Bit Tiered Compilers"/>
    <property name="java.runtime.version" value="1.8.0_151-b12"/>
    <property name="user.name" value="Kamesh"/>
    <property name="path.separator" value=";"/>
    <property name="os.version" value="10.0"/>
    <property name="java.endorsed.dirs" value="C:\Program Files\Java\jdk1.8.0_151\jre\lib\endorsed"/>
    <property name="java.runtime.name" value="Java(TM) SE Runtime Environment"/>
    <property name="file.encoding" value="Cp1252"/>
    <property name="java.vm.name" value="Java HotSpot(TM) 64-Bit Server VM"/>
    <property name="localRepository" value="C:\Users\Kamesh\.m2\repository_mine"/>
    <property name="java.vendor.url.bug" value="http://bugreport.sun.com/bugreport/"/>
    <property name="java.io.tmpdir" value="C:\Users\Kamesh\AppData\Local\Temp\"/>
    <property name="java.version" value="1.8.0_151"/>
    <property name="user.dir" value="C:\Users\Kamesh\Downloads\springboot-cassandra-demo"/>
    <property name="os.arch" value="amd64"/>
    <property name="java.vm.specification.name" value="Java Virtual Machine Specification"/>
    <property name="java.awt.printerjob" value="sun.awt.windows.WPrinterJob"/>
    <property name="sun.os.patch.level" value=""/>
    <property name="java.library.path" value="C:\Program Files\Java\jdk1.8.0_151\jre\bin;C:\WINDOWS\Sun\Java\bin;C:\WINDOWS\system32;C:\WINDOWS;C:\ProgramData\Anaconda3;C:\ProgramData\Anaconda3\Library\mingw-w64\bin;C:\ProgramData\Anaconda3\Library\usr\bin;C:\ProgramData\Anaconda3\Library\bin;C:\ProgramData\Anaconda3\Scripts;C:\ProgramData\Oracle\Java\javapath;C:\WINDOWS\system32;C:\WINDOWS;C:\WINDOWS\System32\Wbem;C:\WINDOWS\System32\WindowsPowerShell\v1.0\;C:\Softwares\apache-maven-3.5.2-bin\apache-maven-3.5.2\bin;C:\Program Files\nodejs\;C:\Program Files\ibm\gsk8\lib64;C:\Program Files (x86)\ibm\gsk8\lib;C:\PROGRA~1\IBM\SQLLIB\BIN;C:\PROGRA~1\IBM\SQLLIB\FUNCTION;C:\PROGRA~1\IBM\SQLLIB\SAMPLES\REPL;C:\Program Files\TortoiseGit\bin;C:\WINDOWS\System32\OpenSSH\;C:\Program Files\Java\jdk1.8.0_151\bin;C:\Program Files\Microsoft VS Code\bin;C:\Program Files\PuTTY\;C:\Program Files\Git\cmd;C:\Users\Kamesh\AppData\Local\Microsoft\WindowsApps;C:\Softwares\apache-maven-3.5.2-bin\apache-maven-3.5.2\bin;C:\Users\Kamesh\AppData\Roaming\npm;C:\Program Files\Microsoft VS Code\bin;C:\Program Files (x86)\SSH Communications Security\SSH Secure Shell;;."/>
    <property name="java.vm.info" value="mixed mode"/>
    <property name="java.vendor" value="Oracle Corporation"/>
    <property name="java.vm.version" value="25.151-b12"/>
    <property name="java.ext.dirs" value="C:\Program Files\Java\jdk1.8.0_151\jre\lib\ext;C:\WINDOWS\Sun\Java\lib\ext"/>
    <property name="sun.io.unicode.encoding" value="UnicodeLittle"/>
    <property name="java.class.version" value="52.0"/>
  </properties>
  <testcase name="contextLoads" classname="com.nisum.cassandra.springbootcassandrademo.SpringbootCassandraDemoApplicationTests" time="0.005">
    <error message="Failed to load ApplicationContext" type="java.lang.IllegalStateException">java.lang.IllegalStateException: Failed to load ApplicationContext
Caused by: org.springframework.beans.factory.UnsatisfiedDependencyException: Error creating bean with name 'customerController': Unsatisfied dependency expressed through field 'customerRepository'; nested exception is org.springframework.beans.factory.NoSuchBeanDefinitionException: No qualifying bean of type 'com.nisum.cassandra.customer.CustomerRepository' available: expected at least 1 bean which qualifies as autowire candidate. Dependency annotations: {@org.springframework.beans.factory.annotation.Autowired(required=true)}
Caused by: org.springframework.beans.factory.NoSuchBeanDefinitionException: No qualifying bean of type 'com.nisum.cassandra.customer.CustomerRepository' available: expected at least 1 bean which qualifies as autowire candidate. Dependency annotations: {@org.springframework.beans.factory.annotation.Autowired(required=true)}
</error>
    <system-out><![CDATA[11:40:55.641 [main] DEBUG org.springframework.test.context.junit4.SpringJUnit4ClassRunner - SpringJUnit4ClassRunner constructor called with [class com.nisum.cassandra.springbootcassandrademo.SpringbootCassandraDemoApplicationTests]
11:40:55.648 [main] DEBUG org.springframework.test.context.BootstrapUtils - Instantiating CacheAwareContextLoaderDelegate from class [org.springframework.test.context.cache.DefaultCacheAwareContextLoaderDelegate]
11:40:55.659 [main] DEBUG org.springframework.test.context.BootstrapUtils - Instantiating BootstrapContext using constructor [public org.springframework.test.context.support.DefaultBootstrapContext(java.lang.Class,org.springframework.test.context.CacheAwareContextLoaderDelegate)]
11:40:55.682 [main] DEBUG org.springframework.test.context.BootstrapUtils - Instantiating TestContextBootstrapper for test class [com.nisum.cassandra.springbootcassandrademo.SpringbootCassandraDemoApplicationTests] from class [org.springframework.boot.test.context.SpringBootTestContextBootstrapper]
11:40:55.705 [main] DEBUG org.springframework.test.context.support.AbstractContextLoader - Did not detect default resource location for test class [com.nisum.cassandra.springbootcassandrademo.SpringbootCassandraDemoApplicationTests]: class path resource [com/nisum/cassandra/springbootcassandrademo/SpringbootCassandraDemoApplicationTests-context.xml] does not exist
11:40:55.705 [main] DEBUG org.springframework.test.context.support.AbstractContextLoader - Did not detect default resource location for test class [com.nisum.cassandra.springbootcassandrademo.SpringbootCassandraDemoApplicationTests]: class path resource [com/nisum/cassandra/springbootcassandrademo/SpringbootCassandraDemoApplicationTestsContext.groovy] does not exist
11:40:55.705 [main] INFO org.springframework.test.context.support.AbstractContextLoader - Could not detect default resource locations for test class [com.nisum.cassandra.springbootcassandrademo.SpringbootCassandraDemoApplicationTests]: no resource found for suffixes {-context.xml, Context.groovy}.
11:40:55.774 [main] DEBUG org.springframework.test.context.support.ActiveProfilesUtils - Could not find an 'annotation declaring class' for annotation type [org.springframework.test.context.ActiveProfiles] and class [com.nisum.cassandra.springbootcassandrademo.SpringbootCassandraDemoApplicationTests]
11:40:55.923 [main] DEBUG org.springframework.boot.test.context.SpringBootTestContextBootstrapper - @TestExecutionListeners is not present for class [com.nisum.cassandra.springbootcassandrademo.SpringbootCassandraDemoApplicationTests]: using defaults.
11:40:55.924 [main] INFO org.springframework.boot.test.context.SpringBootTestContextBootstrapper - Loaded default TestExecutionListener class names from location [META-INF/spring.factories]: [org.springframework.boot.test.mock.mockito.MockitoTestExecutionListener, org.springframework.boot.test.mock.mockito.ResetMocksTestExecutionListener, org.springframework.boot.test.autoconfigure.restdocs.RestDocsTestExecutionListener, org.springframework.boot.test.autoconfigure.web.client.MockRestServiceServerResetTestExecutionListener, org.springframework.boot.test.autoconfigure.web.servlet.MockMvcPrintOnlyOnFailureTestExecutionListener, org.springframework.boot.test.autoconfigure.web.servlet.WebDriverTestExecutionListener, org.springframework.test.context.web.ServletTestExecutionListener, org.springframework.test.context.support.DirtiesContextBeforeModesTestExecutionListener, org.springframework.test.context.support.DependencyInjectionTestExecutionListener, org.springframework.test.context.support.DirtiesContextTestExecutionListener, org.springframework.test.context.transaction.TransactionalTestExecutionListener, org.springframework.test.context.jdbc.SqlScriptsTestExecutionListener]
11:40:55.939 [main] INFO org.springframework.boot.test.context.SpringBootTestContextBootstrapper - Using TestExecutionListeners: [org.springframework.test.context.web.ServletTestExecutionListener@359f7cdf, org.springframework.test.context.support.DirtiesContextBeforeModesTestExecutionListener@1fa268de, org.springframework.boot.test.mock.mockito.MockitoTestExecutionListener@4f6ee6e4, org.springframework.boot.test.autoconfigure.SpringBootDependencyInjectionTestExecutionListener@4466af20, org.springframework.test.context.support.DirtiesContextTestExecutionListener@a514af7, org.springframework.test.context.transaction.TransactionalTestExecutionListener@6b927fb, org.springframework.test.context.jdbc.SqlScriptsTestExecutionListener@3e58a80e, org.springframework.boot.test.mock.mockito.ResetMocksTestExecutionListener@4fb61f4a, org.springframework.boot.test.autoconfigure.restdocs.RestDocsTestExecutionListener@4fb0f2b9, org.springframework.boot.test.autoconfigure.web.client.MockRestServiceServerResetTestExecutionListener@79924b, org.springframework.boot.test.autoconfigure.web.servlet.MockMvcPrintOnlyOnFailureTestExecutionListener@7b9a4292, org.springframework.boot.test.autoconfigure.web.servlet.WebDriverTestExecutionListener@4a94ee4]
11:40:55.941 [main] DEBUG org.springframework.test.annotation.ProfileValueUtils - Retrieved @ProfileValueSourceConfiguration [null] for test class [com.nisum.cassandra.springbootcassandrademo.SpringbootCassandraDemoApplicationTests]
11:40:55.942 [main] DEBUG org.springframework.test.annotation.ProfileValueUtils - Retrieved ProfileValueSource type [class org.springframework.test.annotation.SystemProfileValueSource] for class [com.nisum.cassandra.springbootcassandrademo.SpringbootCassandraDemoApplicationTests]
11:40:55.944 [main] DEBUG org.springframework.test.annotation.ProfileValueUtils - Retrieved @ProfileValueSourceConfiguration [null] for test class [com.nisum.cassandra.springbootcassandrademo.SpringbootCassandraDemoApplicationTests]
11:40:55.944 [main] DEBUG org.springframework.test.annotation.ProfileValueUtils - Retrieved ProfileValueSource type [class org.springframework.test.annotation.SystemProfileValueSource] for class [com.nisum.cassandra.springbootcassandrademo.SpringbootCassandraDemoApplicationTests]
11:40:55.944 [main] DEBUG org.springframework.test.annotation.ProfileValueUtils - Retrieved @ProfileValueSourceConfiguration [null] for test class [com.nisum.cassandra.springbootcassandrademo.SpringbootCassandraDemoApplicationTests]
11:40:55.945 [main] DEBUG org.springframework.test.annotation.ProfileValueUtils - Retrieved ProfileValueSource type [class org.springframework.test.annotation.SystemProfileValueSource] for class [com.nisum.cassandra.springbootcassandrademo.SpringbootCassandraDemoApplicationTests]
11:40:55.949 [main] DEBUG org.springframework.test.context.support.AbstractDirtiesContextTestExecutionListener - Before test class: context [DefaultTestContext@36bc55de testClass = SpringbootCassandraDemoApplicationTests, testInstance = [null], testMethod = [null], testException = [null], mergedContextConfiguration = [WebMergedContextConfiguration@564fabc8 testClass = SpringbootCassandraDemoApplicationTests, locations = '{}', classes = '{class com.nisum.cassandra.app.SpringbootCassandraDemoApplication}', contextInitializerClasses = '[]', activeProfiles = '{}', propertySourceLocations = '{}', propertySourceProperties = '{org.springframework.boot.test.context.SpringBootTestContextBootstrapper=true}', contextCustomizers = set[org.springframework.boot.test.context.filter.ExcludeFilterContextCustomizer@7276c8cd, org.springframework.boot.test.json.DuplicateJsonObjectContextCustomizerFactory$DuplicateJsonObjectContextCustomizer@150c158, org.springframework.boot.test.mock.mockito.MockitoContextCustomizer@0, org.springframework.boot.test.web.client.TestRestTemplateContextCustomizer@16f7c8c1, org.springframework.boot.test.autoconfigure.properties.PropertyMappingContextCustomizer@0, org.springframework.boot.test.autoconfigure.web.servlet.WebDriverContextCustomizerFactory$Customizer@1f021e6c], resourceBasePath = 'src/main/webapp', contextLoader = 'org.springframework.boot.test.context.SpringBootContextLoader', parent = [null]], attributes = map['org.springframework.test.context.web.ServletTestExecutionListener.activateListener' -> true]], class annotated with @DirtiesContext [false] with mode [null].
11:40:55.951 [main] DEBUG org.springframework.test.annotation.ProfileValueUtils - Retrieved @ProfileValueSourceConfiguration [null] for test class [com.nisum.cassandra.springbootcassandrademo.SpringbootCassandraDemoApplicationTests]
11:40:55.951 [main] DEBUG org.springframework.test.annotation.ProfileValueUtils - Retrieved ProfileValueSource type [class org.springframework.test.annotation.SystemProfileValueSource] for class [com.nisum.cassandra.springbootcassandrademo.SpringbootCassandraDemoApplicationTests]
11:40:55.987 [main] DEBUG org.springframework.test.context.support.TestPropertySourceUtils - Adding inlined properties to environment: {spring.jmx.enabled=false, org.springframework.boot.test.context.SpringBootTestContextBootstrapper=true, server.port=-1}

  .   ____          _            __ _ _
 /\\ / ___'_ __ _ _(_)_ __  __ _ \ \ \ \
( ( )\___ | '_ | '_| | '_ \/ _` | \ \ \ \
 \\/  ___)| |_)| | | | | || (_| |  ) ) ) )
  '  |____| .__|_| |_|_| |_\__, | / / / /
 =========|_|==============|___/=/_/_/_/
 :: Spring Boot ::        (v2.1.5.RELEASE)

2019-05-26 11:40:56.584  INFO 25696 --- [           main] .SpringbootCassandraDemoApplicationTests : Starting SpringbootCassandraDemoApplicationTests on HYD-LAP-00456 with PID 25696 (started by Kamesh in C:\Users\Kamesh\Downloads\springboot-cassandra-demo)
2019-05-26 11:40:56.586  INFO 25696 --- [           main] .SpringbootCassandraDemoApplicationTests : No active profile set, falling back to default profiles: default
2019-05-26 11:40:57.822  INFO 25696 --- [           main] .s.d.r.c.RepositoryConfigurationDelegate : Bootstrapping Spring Data repositories in DEFAULT mode.
2019-05-26 11:40:57.954  INFO 25696 --- [           main] .s.d.r.c.RepositoryConfigurationDelegate : Finished Spring Data repository scanning in 127ms. Found 0 repository interfaces.
2019-05-26 11:40:57.960  INFO 25696 --- [           main] .s.d.r.c.RepositoryConfigurationDelegate : Bootstrapping Spring Data repositories in DEFAULT mode.
2019-05-26 11:40:57.985  INFO 25696 --- [           main] .s.d.r.c.RepositoryConfigurationDelegate : Finished Spring Data repository scanning in 25ms. Found 1 repository interfaces.
2019-05-26 11:40:58.557  WARN 25696 --- [           main] o.s.w.c.s.GenericWebApplicationContext   : Exception encountered during context initialization - cancelling refresh attempt: org.springframework.beans.factory.UnsatisfiedDependencyException: Error creating bean with name 'customerController': Unsatisfied dependency expressed through field 'customerRepository'; nested exception is org.springframework.beans.factory.NoSuchBeanDefinitionException: No qualifying bean of type 'com.nisum.cassandra.customer.CustomerRepository' available: expected at least 1 bean which qualifies as autowire candidate. Dependency annotations: {@org.springframework.beans.factory.annotation.Autowired(required=true)}
2019-05-26 11:40:58.564  INFO 25696 --- [           main] ConditionEvaluationReportLoggingListener : 

Error starting ApplicationContext. To display the conditions report re-run your application with 'debug' enabled.
2019-05-26 11:40:58.698 ERROR 25696 --- [           main] o.s.b.d.LoggingFailureAnalysisReporter   : 

***************************
APPLICATION FAILED TO START
***************************

Description:

Field customerRepository in com.nisum.cassandra.controller.CustomerController required a bean of type 'com.nisum.cassandra.customer.CustomerRepository' that could not be found.

The injection point has the following annotations:
	- @org.springframework.beans.factory.annotation.Autowired(required=true)


Action:

Consider defining a bean of type 'com.nisum.cassandra.customer.CustomerRepository' in your configuration.

2019-05-26 11:40:58.705 ERROR 25696 --- [           main] o.s.test.context.TestContextManager      : Caught exception while allowing TestExecutionListener [org.springframework.test.context.web.ServletTestExecutionListener@359f7cdf] to prepare test instance [com.nisum.cassandra.springbootcassandrademo.SpringbootCassandraDemoApplicationTests@10895b16]

java.lang.IllegalStateException: Failed to load ApplicationContext
	at org.springframework.test.context.cache.DefaultCacheAwareContextLoaderDelegate.loadContext(DefaultCacheAwareContextLoaderDelegate.java:125) ~[spring-test-5.1.7.RELEASE.jar:5.1.7.RELEASE]
	at org.springframework.test.context.support.DefaultTestContext.getApplicationContext(DefaultTestContext.java:108) ~[spring-test-5.1.7.RELEASE.jar:5.1.7.RELEASE]
	at org.springframework.test.context.web.ServletTestExecutionListener.setUpRequestContextIfNecessary(ServletTestExecutionListener.java:190) ~[spring-test-5.1.7.RELEASE.jar:5.1.7.RELEASE]
	at org.springframework.test.context.web.ServletTestExecutionListener.prepareTestInstance(ServletTestExecutionListener.java:132) ~[spring-test-5.1.7.RELEASE.jar:5.1.7.RELEASE]
	at org.springframework.test.context.TestContextManager.prepareTestInstance(TestContextManager.java:246) ~[spring-test-5.1.7.RELEASE.jar:5.1.7.RELEASE]
	at org.springframework.test.context.junit4.SpringJUnit4ClassRunner.createTest(SpringJUnit4ClassRunner.java:227) [spring-test-5.1.7.RELEASE.jar:5.1.7.RELEASE]
	at org.springframework.test.context.junit4.SpringJUnit4ClassRunner$1.runReflectiveCall(SpringJUnit4ClassRunner.java:289) [spring-test-5.1.7.RELEASE.jar:5.1.7.RELEASE]
	at org.junit.internal.runners.model.ReflectiveCallable.run(ReflectiveCallable.java:12) [junit-4.12.jar:4.12]
	at org.springframework.test.context.junit4.SpringJUnit4ClassRunner.methodBlock(SpringJUnit4ClassRunner.java:291) [spring-test-5.1.7.RELEASE.jar:5.1.7.RELEASE]
	at org.springframework.test.context.junit4.SpringJUnit4ClassRunner.runChild(SpringJUnit4ClassRunner.java:246) [spring-test-5.1.7.RELEASE.jar:5.1.7.RELEASE]
	at org.springframework.test.context.junit4.SpringJUnit4ClassRunner.runChild(SpringJUnit4ClassRunner.java:97) [spring-test-5.1.7.RELEASE.jar:5.1.7.RELEASE]
	at org.junit.runners.ParentRunner$3.run(ParentRunner.java:290) [junit-4.12.jar:4.12]
	at org.junit.runners.ParentRunner$1.schedule(ParentRunner.java:71) [junit-4.12.jar:4.12]
	at org.junit.runners.ParentRunner.runChildren(ParentRunner.java:288) [junit-4.12.jar:4.12]
	at org.junit.runners.ParentRunner.access$000(ParentRunner.java:58) [junit-4.12.jar:4.12]
	at org.junit.runners.ParentRunner$2.evaluate(ParentRunner.java:268) [junit-4.12.jar:4.12]
	at org.springframework.test.context.junit4.statements.RunBeforeTestClassCallbacks.evaluate(RunBeforeTestClassCallbacks.java:61) [spring-test-5.1.7.RELEASE.jar:5.1.7.RELEASE]
	at org.springframework.test.context.junit4.statements.RunAfterTestClassCallbacks.evaluate(RunAfterTestClassCallbacks.java:70) [spring-test-5.1.7.RELEASE.jar:5.1.7.RELEASE]
	at org.junit.runners.ParentRunner.run(ParentRunner.java:363) [junit-4.12.jar:4.12]
	at org.springframework.test.context.junit4.SpringJUnit4ClassRunner.run(SpringJUnit4ClassRunner.java:190) [spring-test-5.1.7.RELEASE.jar:5.1.7.RELEASE]
	at org.apache.maven.surefire.junit4.JUnit4Provider.execute(JUnit4Provider.java:365) [surefire-junit4-2.22.2.jar:2.22.2]
	at org.apache.maven.surefire.junit4.JUnit4Provider.executeWithRerun(JUnit4Provider.java:273) [surefire-junit4-2.22.2.jar:2.22.2]
	at org.apache.maven.surefire.junit4.JUnit4Provider.executeTestSet(JUnit4Provider.java:238) [surefire-junit4-2.22.2.jar:2.22.2]
	at org.apache.maven.surefire.junit4.JUnit4Provider.invoke(JUnit4Provider.java:159) [surefire-junit4-2.22.2.jar:2.22.2]
	at org.apache.maven.surefire.booter.ForkedBooter.invokeProviderInSameClassLoader(ForkedBooter.java:384) [surefire-booter-2.22.2.jar:2.22.2]
	at org.apache.maven.surefire.booter.ForkedBooter.runSuitesInProcess(ForkedBooter.java:345) [surefire-booter-2.22.2.jar:2.22.2]
	at org.apache.maven.surefire.booter.ForkedBooter.execute(ForkedBooter.java:126) [surefire-booter-2.22.2.jar:2.22.2]
	at org.apache.maven.surefire.booter.ForkedBooter.main(ForkedBooter.java:418) [surefire-booter-2.22.2.jar:2.22.2]
Caused by: org.springframework.beans.factory.UnsatisfiedDependencyException: Error creating bean with name 'customerController': Unsatisfied dependency expressed through field 'customerRepository'; nested exception is org.springframework.beans.factory.NoSuchBeanDefinitionException: No qualifying bean of type 'com.nisum.cassandra.customer.CustomerRepository' available: expected at least 1 bean which qualifies as autowire candidate. Dependency annotations: {@org.springframework.beans.factory.annotation.Autowired(required=true)}
	at org.springframework.beans.factory.annotation.AutowiredAnnotationBeanPostProcessor$AutowiredFieldElement.inject(AutowiredAnnotationBeanPostProcessor.java:596) ~[spring-beans-5.1.7.RELEASE.jar:5.1.7.RELEASE]
	at org.springframework.beans.factory.annotation.InjectionMetadata.inject(InjectionMetadata.java:90) ~[spring-beans-5.1.7.RELEASE.jar:5.1.7.RELEASE]
	at org.springframework.beans.factory.annotation.AutowiredAnnotationBeanPostProcessor.postProcessProperties(AutowiredAnnotationBeanPostProcessor.java:374) ~[spring-beans-5.1.7.RELEASE.jar:5.1.7.RELEASE]
	at org.springframework.beans.factory.support.AbstractAutowireCapableBeanFactory.populateBean(AbstractAutowireCapableBeanFactory.java:1411) ~[spring-beans-5.1.7.RELEASE.jar:5.1.7.RELEASE]
	at org.springframework.beans.factory.support.AbstractAutowireCapableBeanFactory.doCreateBean(AbstractAutowireCapableBeanFactory.java:592) ~[spring-beans-5.1.7.RELEASE.jar:5.1.7.RELEASE]
	at org.springframework.beans.factory.support.AbstractAutowireCapableBeanFactory.createBean(AbstractAutowireCapableBeanFactory.java:515) ~[spring-beans-5.1.7.RELEASE.jar:5.1.7.RELEASE]
	at org.springframework.beans.factory.support.AbstractBeanFactory.lambda$doGetBean$0(AbstractBeanFactory.java:320) ~[spring-beans-5.1.7.RELEASE.jar:5.1.7.RELEASE]
	at org.springframework.beans.factory.support.DefaultSingletonBeanRegistry.getSingleton(DefaultSingletonBeanRegistry.java:222) ~[spring-beans-5.1.7.RELEASE.jar:5.1.7.RELEASE]
	at org.springframework.beans.factory.support.AbstractBeanFactory.doGetBean(AbstractBeanFactory.java:318) ~[spring-beans-5.1.7.RELEASE.jar:5.1.7.RELEASE]
	at org.springframework.beans.factory.support.AbstractBeanFactory.getBean(AbstractBeanFactory.java:199) ~[spring-beans-5.1.7.RELEASE.jar:5.1.7.RELEASE]
	at org.springframework.beans.factory.support.DefaultListableBeanFactory.preInstantiateSingletons(DefaultListableBeanFactory.java:843) ~[spring-beans-5.1.7.RELEASE.jar:5.1.7.RELEASE]
	at org.springframework.context.support.AbstractApplicationContext.finishBeanFactoryInitialization(AbstractApplicationContext.java:877) ~[spring-context-5.1.7.RELEASE.jar:5.1.7.RELEASE]
	at org.springframework.context.support.AbstractApplicationContext.refresh(AbstractApplicationContext.java:549) ~[spring-context-5.1.7.RELEASE.jar:5.1.7.RELEASE]
	at org.springframework.boot.SpringApplication.refresh(SpringApplication.java:775) ~[spring-boot-2.1.5.RELEASE.jar:2.1.5.RELEASE]
	at org.springframework.boot.SpringApplication.refreshContext(SpringApplication.java:397) ~[spring-boot-2.1.5.RELEASE.jar:2.1.5.RELEASE]
	at org.springframework.boot.SpringApplication.run(SpringApplication.java:316) ~[spring-boot-2.1.5.RELEASE.jar:2.1.5.RELEASE]
	at org.springframework.boot.test.context.SpringBootContextLoader.loadContext(SpringBootContextLoader.java:127) ~[spring-boot-test-2.1.5.RELEASE.jar:2.1.5.RELEASE]
	at org.springframework.test.context.cache.DefaultCacheAwareContextLoaderDelegate.loadContextInternal(DefaultCacheAwareContextLoaderDelegate.java:99) ~[spring-test-5.1.7.RELEASE.jar:5.1.7.RELEASE]
	at org.springframework.test.context.cache.DefaultCacheAwareContextLoaderDelegate.loadContext(DefaultCacheAwareContextLoaderDelegate.java:117) ~[spring-test-5.1.7.RELEASE.jar:5.1.7.RELEASE]
	... 27 common frames omitted
Caused by: org.springframework.beans.factory.NoSuchBeanDefinitionException: No qualifying bean of type 'com.nisum.cassandra.customer.CustomerRepository' available: expected at least 1 bean which qualifies as autowire candidate. Dependency annotations: {@org.springframework.beans.factory.annotation.Autowired(required=true)}
	at org.springframework.beans.factory.support.DefaultListableBeanFactory.raiseNoMatchingBeanFound(DefaultListableBeanFactory.java:1655) ~[spring-beans-5.1.7.RELEASE.jar:5.1.7.RELEASE]
	at org.springframework.beans.factory.support.DefaultListableBeanFactory.doResolveDependency(DefaultListableBeanFactory.java:1214) ~[spring-beans-5.1.7.RELEASE.jar:5.1.7.RELEASE]
	at org.springframework.beans.factory.support.DefaultListableBeanFactory.resolveDependency(DefaultListableBeanFactory.java:1168) ~[spring-beans-5.1.7.RELEASE.jar:5.1.7.RELEASE]
	at org.springframework.beans.factory.annotation.AutowiredAnnotationBeanPostProcessor$AutowiredFieldElement.inject(AutowiredAnnotationBeanPostProcessor.java:593) ~[spring-beans-5.1.7.RELEASE.jar:5.1.7.RELEASE]
	... 45 common frames omitted

]]></system-out>
  </testcase>
</testsuite>